<?xml version="1.0" encoding="UTF-8"?>
<!-- Generated by org.testng.reporters.JUnitReportReporter -->
<testsuite skipped="0" hostname="LAPTOP-VENRDOLB" name="runner.RunCuke" tests="3" failures="1" timestamp="23 May 2021 22:21:40 GMT" time="54.967" errors="0">
  <testcase name="runScenario" time="14.952" classname="runner.RunCuke"/>
  <testcase name="runScenario" time="25.477" classname="runner.RunCuke">
    <failure type="java.lang.AssertionError" message="null">
      <![CDATA[java.lang.AssertionError: null
at org.testng.Assert.fail(Assert.java:96)
at org.testng.Assert.fail(Assert.java:103)
at steps.FlipboardSteps.user_enters_the_(FlipboardSteps.java:97)
at âœ½.user enters the airpods(file:src/test/resources/features/SearchItem.feature:12)
]]>
    </failure>
  </testcase> <!-- runScenario -->
  <testcase name="runScenario" time="14.538" classname="runner.RunCuke"/>
</testsuite> <!-- runner.RunCuke -->
